{"/Users/specifique/Testing/rpc/error.js": {"path":"/Users/specifique/Testing/rpc/error.js","statementMap":{"0":{"start":{"line":3,"column":0},"end":{"line":3,"column":25}}},"fnMap":{},"branchMap":{},"s":{"0":1},"f":{},"b":{},"_coverageSchema":"332fd63041d2c1bcb487cc26dd0d5f7d97098a6c","hash":"42d65c99eec4b1f2fd746c0f141eca23045089b6"}
,"/Users/specifique/Testing/rpc/index.js": {"path":"/Users/specifique/Testing/rpc/index.js","statementMap":{"0":{"start":{"line":1,"column":0},"end":{"line":5,"column":1}}},"fnMap":{},"branchMap":{},"s":{"0":1},"f":{},"b":{},"_coverageSchema":"332fd63041d2c1bcb487cc26dd0d5f7d97098a6c","hash":"3b21e20e6e9e5528fd32bf43f4db707b7764a3fd"}
,"/Users/specifique/Testing/rpc/client/index.js": {"path":"/Users/specifique/Testing/rpc/client/index.js","statementMap":{"0":{"start":{"line":1,"column":13},"end":{"line":1,"column":31}},"1":{"start":{"line":3,"column":0},"end":{"line":24,"column":1}},"2":{"start":{"line":4,"column":17},"end":{"line":4,"column":19}},"3":{"start":{"line":6,"column":2},"end":{"line":23,"column":3}},"4":{"start":{"line":8,"column":6},"end":{"line":18,"column":8}},"5":{"start":{"line":9,"column":19},"end":{"line":9,"column":25}},"6":{"start":{"line":10,"column":8},"end":{"line":16,"column":10}},"7":{"start":{"line":11,"column":10},"end":{"line":15,"column":11}},"8":{"start":{"line":12,"column":12},"end":{"line":12,"column":41}},"9":{"start":{"line":14,"column":12},"end":{"line":14,"column":34}},"10":{"start":{"line":17,"column":8},"end":{"line":17,"column":54}},"11":{"start":{"line":21,"column":6},"end":{"line":21,"column":27}}},"fnMap":{"0":{"name":"(anonymous_0)","decl":{"start":{"line":3,"column":17},"end":{"line":3,"column":18}},"loc":{"start":{"line":3,"column":23},"end":{"line":24,"column":1}},"line":3},"1":{"name":"(anonymous_1)","decl":{"start":{"line":8,"column":25},"end":{"line":8,"column":26}},"loc":{"start":{"line":8,"column":46},"end":{"line":18,"column":7}},"line":8},"2":{"name":"(anonymous_2)","decl":{"start":{"line":10,"column":20},"end":{"line":10,"column":21}},"loc":{"start":{"line":10,"column":32},"end":{"line":16,"column":9}},"line":10}},"branchMap":{"0":{"loc":{"start":{"line":11,"column":10},"end":{"line":15,"column":11}},"type":"if","locations":[{"start":{"line":11,"column":10},"end":{"line":15,"column":11}},{"start":{"line":11,"column":10},"end":{"line":15,"column":11}}],"line":11}},"s":{"0":1,"1":1,"2":1,"3":1,"4":6,"5":6,"6":6,"7":6,"8":3,"9":3,"10":6,"11":1},"f":{"0":1,"1":6,"2":6},"b":{"0":[3,3]},"_coverageSchema":"332fd63041d2c1bcb487cc26dd0d5f7d97098a6c","hash":"807c439a799da4d0fce8160373cb2ec490a9826b"}
,"/Users/specifique/Testing/rpc/server/index.js": {"path":"/Users/specifique/Testing/rpc/server/index.js","statementMap":{"0":{"start":{"line":1,"column":17},"end":{"line":1,"column":36}},"1":{"start":{"line":3,"column":0},"end":{"line":27,"column":1}},"2":{"start":{"line":3,"column":23},"end":{"line":27,"column":1}},"3":{"start":{"line":4,"column":2},"end":{"line":26,"column":4}},"4":{"start":{"line":5,"column":4},"end":{"line":10,"column":5}},"5":{"start":{"line":6,"column":6},"end":{"line":8,"column":8}},"6":{"start":{"line":9,"column":6},"end":{"line":9,"column":12}},"7":{"start":{"line":11,"column":4},"end":{"line":25,"column":5}},"8":{"start":{"line":12,"column":6},"end":{"line":14,"column":8}},"9":{"start":{"line":16,"column":6},"end":{"line":24,"column":7}},"10":{"start":{"line":17,"column":8},"end":{"line":19,"column":10}},"11":{"start":{"line":21,"column":8},"end":{"line":23,"column":10}}},"fnMap":{"0":{"name":"(anonymous_0)","decl":{"start":{"line":3,"column":17},"end":{"line":3,"column":18}},"loc":{"start":{"line":3,"column":23},"end":{"line":27,"column":1}},"line":3},"1":{"name":"(anonymous_1)","decl":{"start":{"line":3,"column":23},"end":{"line":3,"column":24}},"loc":{"start":{"line":3,"column":33},"end":{"line":27,"column":1}},"line":3},"2":{"name":"(anonymous_2)","decl":{"start":{"line":4,"column":19},"end":{"line":4,"column":20}},"loc":{"start":{"line":4,"column":57},"end":{"line":26,"column":3}},"line":4}},"branchMap":{"0":{"loc":{"start":{"line":5,"column":4},"end":{"line":10,"column":5}},"type":"if","locations":[{"start":{"line":5,"column":4},"end":{"line":10,"column":5}},{"start":{"line":5,"column":4},"end":{"line":10,"column":5}}],"line":5},"1":{"loc":{"start":{"line":16,"column":6},"end":{"line":24,"column":7}},"type":"if","locations":[{"start":{"line":16,"column":6},"end":{"line":24,"column":7}},{"start":{"line":16,"column":6},"end":{"line":24,"column":7}}],"line":16}},"s":{"0":1,"1":1,"2":1,"3":1,"4":6,"5":1,"6":1,"7":5,"8":5,"9":2,"10":1,"11":1},"f":{"0":1,"1":1,"2":6},"b":{"0":[1,5],"1":[1,1]},"_coverageSchema":"332fd63041d2c1bcb487cc26dd0d5f7d97098a6c","hash":"f83ee7c3923cb7b87f9995c6c445f1bc7e7739eb"}
}
