TN:
SF:/Users/specifique/Testing/rpc/error.js
FNF:0
FNH:0
DA:3,1
LF:1
LH:1
BRF:0
BRH:0
end_of_record
TN:
SF:/Users/specifique/Testing/rpc/index.js
FNF:0
FNH:0
DA:1,1
LF:1
LH:1
BRF:0
BRH:0
end_of_record
TN:
SF:/Users/specifique/Testing/rpc/client/index.js
FN:3,(anonymous_0)
FN:8,(anonymous_1)
FN:10,(anonymous_2)
FNF:3
FNH:3
FNDA:1,(anonymous_0)
FNDA:6,(anonymous_1)
FNDA:6,(anonymous_2)
DA:1,1
DA:3,1
DA:4,1
DA:6,1
DA:8,6
DA:9,6
DA:10,6
DA:11,6
DA:12,3
DA:14,3
DA:17,6
DA:21,1
LF:12
LH:12
BRDA:11,0,0,3
BRDA:11,0,1,3
BRF:2
BRH:2
end_of_record
TN:
SF:/Users/specifique/Testing/rpc/server/index.js
FN:3,(anonymous_0)
FN:3,(anonymous_1)
FN:4,(anonymous_2)
FNF:3
FNH:3
FNDA:1,(anonymous_0)
FNDA:1,(anonymous_1)
FNDA:6,(anonymous_2)
DA:1,1
DA:3,1
DA:4,1
DA:5,6
DA:6,1
DA:9,1
DA:11,5
DA:12,5
DA:16,2
DA:17,1
DA:21,1
LF:11
LH:11
BRDA:5,0,0,1
BRDA:5,0,1,5
BRDA:16,1,0,1
BRDA:16,1,1,1
BRF:4
BRH:4
end_of_record
